[2023-05-14 12:07:03.856] [puff::index::jointLog] [info] Running fixFasta
[2023-05-14 12:07:03.861] [puff::index::jointLog] [info] Replaced 0 non-ATCG nucleotides
[2023-05-14 12:07:03.861] [puff::index::jointLog] [info] Clipped poly-A tails from 0 transcripts
[2023-05-14 12:07:03.868] [puff::index::jointLog] [info] Filter size not provided; estimating from number of distinct k-mers
[2023-05-14 12:07:03.868] [puff::index::jointLog] [info] ntHll estimated 47469 distinct k-mers, setting filter size to 2^20
[2023-05-14 12:07:03.898] [puff::index::jointLog] [info] Starting the Pufferfish indexing by reading the GFA binary file.
[2023-05-14 12:07:03.898] [puff::index::jointLog] [info] Setting the index/BinaryGfa directory Trinity.tmp.fasta.salmon.idx
[2023-05-14 12:07:03.899] [puff::index::jointLog] [info] Done wrapping the rank vector with a rank9sel structure.
[2023-05-14 12:07:03.899] [puff::index::jointLog] [info] contig count for validation: 1
[2023-05-14 12:07:03.899] [puff::index::jointLog] [info] Total # of Contigs : 1
[2023-05-14 12:07:03.899] [puff::index::jointLog] [info] Total # of numerical Contigs : 1
[2023-05-14 12:07:03.899] [puff::index::jointLog] [info] Total # of contig vec entries: 1
[2023-05-14 12:07:03.899] [puff::index::jointLog] [info] bits per offset entry 1
[2023-05-14 12:07:03.899] [puff::index::jointLog] [info] Done constructing the contig vector. 2
[2023-05-14 12:07:03.905] [puff::index::jointLog] [info] # segments = 1
[2023-05-14 12:07:03.905] [puff::index::jointLog] [info] total length = 540
[2023-05-14 12:07:03.905] [puff::index::jointLog] [info] Reading the reference files ...
[2023-05-14 12:07:03.911] [puff::index::jointLog] [info] positional integer width = 10
[2023-05-14 12:07:03.911] [puff::index::jointLog] [info] seqSize = 540
[2023-05-14 12:07:03.911] [puff::index::jointLog] [info] rankSize = 540
[2023-05-14 12:07:03.911] [puff::index::jointLog] [info] edgeVecSize = 0
[2023-05-14 12:07:03.911] [puff::index::jointLog] [info] num keys = 516
[2023-05-14 12:07:03.974] [puff::index::jointLog] [info] mphf size = 0.00105286 MB
[2023-05-14 12:07:03.974] [puff::index::jointLog] [info] chunk size = 540
[2023-05-14 12:07:03.974] [puff::index::jointLog] [info] chunk 0 = [0, 516)
[2023-05-14 12:07:03.974] [puff::index::jointLog] [info] finished populating pos vector
[2023-05-14 12:07:03.974] [puff::index::jointLog] [info] writing index components
[2023-05-14 12:07:03.981] [puff::index::jointLog] [info] finished writing dense pufferfish index
